{"/home/k/Projects/pg/plasma-core/src/services/db/index.js":{"path":"/home/k/Projects/pg/plasma-core/src/services/db/index.js","statementMap":{"0":{"start":{"line":1,"column":24},"end":{"line":1,"column":51}},"1":{"start":{"line":2,"column":24},"end":{"line":2,"column":51}},"2":{"start":{"line":4,"column":0},"end":{"line":8,"column":1}}},"fnMap":{},"branchMap":{},"s":{"0":1,"1":1,"2":1},"f":{},"b":{},"_coverageSchema":"43e27e138ebf9cfc5966b082cf9a028302ed4184","hash":"9062173e7797365c0160dc87890b9525c38ab421","contentHash":"d28914ebef66304190275f7bffe1980f"},"/home/k/Projects/pg/plasma-core/src/services/db/ephem-provider.js":{"path":"/home/k/Projects/pg/plasma-core/src/services/db/ephem-provider.js","statementMap":{"0":{"start":{"line":1,"column":23},"end":{"line":1,"column":49}},"1":{"start":{"line":8,"column":4},"end":{"line":8,"column":18}},"2":{"start":{"line":10,"column":4},"end":{"line":10,"column":23}},"3":{"start":{"line":14,"column":4},"end":{"line":14,"column":27}},"4":{"start":{"line":18,"column":4},"end":{"line":18,"column":27}},"5":{"start":{"line":22,"column":4},"end":{"line":22,"column":23}},"6":{"start":{"line":26,"column":4},"end":{"line":26,"column":27}},"7":{"start":{"line":30,"column":0},"end":{"line":30,"column":32}}},"fnMap":{"0":{"name":"(anonymous_0)","decl":{"start":{"line":7,"column":2},"end":{"line":7,"column":3}},"loc":{"start":{"line":7,"column":24},"end":{"line":11,"column":3}},"line":7},"1":{"name":"(anonymous_1)","decl":{"start":{"line":13,"column":2},"end":{"line":13,"column":3}},"loc":{"start":{"line":13,"column":18},"end":{"line":15,"column":3}},"line":13},"2":{"name":"(anonymous_2)","decl":{"start":{"line":17,"column":2},"end":{"line":17,"column":3}},"loc":{"start":{"line":17,"column":25},"end":{"line":19,"column":3}},"line":17},"3":{"name":"(anonymous_3)","decl":{"start":{"line":21,"column":2},"end":{"line":21,"column":3}},"loc":{"start":{"line":21,"column":21},"end":{"line":23,"column":3}},"line":21},"4":{"name":"(anonymous_4)","decl":{"start":{"line":25,"column":2},"end":{"line":25,"column":3}},"loc":{"start":{"line":25,"column":21},"end":{"line":27,"column":3}},"line":25}},"branchMap":{},"s":{"0":1,"1":1,"2":1,"3":1,"4":0,"5":0,"6":0,"7":1},"f":{"0":1,"1":1,"2":0,"3":0,"4":0},"b":{},"_coverageSchema":"43e27e138ebf9cfc5966b082cf9a028302ed4184","hash":"a3c82747874614655b097c4dc011dee89c81593f","contentHash":"f0906e997ba20ac02272f0068677ac0e"},"/home/k/Projects/pg/plasma-core/src/services/db/base-provider.js":{"path":"/home/k/Projects/pg/plasma-core/src/services/db/base-provider.js","statementMap":{"0":{"start":{"line":1,"column":20},"end":{"line":1,"column":46}},"1":{"start":{"line":8,"column":4},"end":{"line":8,"column":11}},"2":{"start":{"line":9,"column":4},"end":{"line":9,"column":26}},"3":{"start":{"line":13,"column":4},"end":{"line":13,"column":15}},"4":{"start":{"line":17,"column":4},"end":{"line":17,"column":77}},"5":{"start":{"line":21,"column":4},"end":{"line":21,"column":77}},"6":{"start":{"line":25,"column":4},"end":{"line":25,"column":77}},"7":{"start":{"line":29,"column":4},"end":{"line":29,"column":77}},"8":{"start":{"line":33,"column":0},"end":{"line":33,"column":31}}},"fnMap":{"0":{"name":"(anonymous_0)","decl":{"start":{"line":7,"column":2},"end":{"line":7,"column":3}},"loc":{"start":{"line":7,"column":24},"end":{"line":10,"column":3}},"line":7},"1":{"name":"(anonymous_1)","decl":{"start":{"line":12,"column":2},"end":{"line":12,"column":3}},"loc":{"start":{"line":12,"column":14},"end":{"line":14,"column":3}},"line":12},"2":{"name":"(anonymous_2)","decl":{"start":{"line":16,"column":2},"end":{"line":16,"column":3}},"loc":{"start":{"line":16,"column":18},"end":{"line":18,"column":3}},"line":16},"3":{"name":"(anonymous_3)","decl":{"start":{"line":20,"column":2},"end":{"line":20,"column":3}},"loc":{"start":{"line":20,"column":25},"end":{"line":22,"column":3}},"line":20},"4":{"name":"(anonymous_4)","decl":{"start":{"line":24,"column":2},"end":{"line":24,"column":3}},"loc":{"start":{"line":24,"column":21},"end":{"line":26,"column":3}},"line":24},"5":{"name":"(anonymous_5)","decl":{"start":{"line":28,"column":2},"end":{"line":28,"column":3}},"loc":{"start":{"line":28,"column":21},"end":{"line":30,"column":3}},"line":28}},"branchMap":{},"s":{"0":1,"1":1,"2":1,"3":0,"4":0,"5":0,"6":0,"7":0,"8":1},"f":{"0":1,"1":0,"2":0,"3":0,"4":0,"5":0},"b":{},"_coverageSchema":"43e27e138ebf9cfc5966b082cf9a028302ed4184","hash":"7ed1f011d53773afca6827e273ce7055363cfb47","contentHash":"96a3436ac7d3c69bab8ab4af4cf891e8"},"/home/k/Projects/pg/plasma-core/src/services/base-service.js":{"path":"/home/k/Projects/pg/plasma-core/src/services/base-service.js","statementMap":{"0":{"start":{"line":1,"column":21},"end":{"line":1,"column":38}},"1":{"start":{"line":3,"column":23},"end":{"line":3,"column":25}},"2":{"start":{"line":10,"column":4},"end":{"line":10,"column":11}},"3":{"start":{"line":12,"column":4},"end":{"line":12,"column":49}},"4":{"start":{"line":13,"column":4},"end":{"line":13,"column":24}},"5":{"start":{"line":21,"column":4},"end":{"line":21,"column":81}},"6":{"start":{"line":28,"column":4},"end":{"line":28,"column":81}},"7":{"start":{"line":35,"column":4},"end":{"line":35,"column":81}},"8":{"start":{"line":39,"column":0},"end":{"line":39,"column":28}}},"fnMap":{"0":{"name":"(anonymous_0)","decl":{"start":{"line":9,"column":2},"end":{"line":9,"column":3}},"loc":{"start":{"line":9,"column":24},"end":{"line":14,"column":3}},"line":9},"1":{"name":"(anonymous_1)","decl":{"start":{"line":20,"column":2},"end":{"line":20,"column":3}},"loc":{"start":{"line":20,"column":14},"end":{"line":22,"column":3}},"line":20},"2":{"name":"(anonymous_2)","decl":{"start":{"line":27,"column":2},"end":{"line":27,"column":3}},"loc":{"start":{"line":27,"column":17},"end":{"line":29,"column":3}},"line":27},"3":{"name":"(anonymous_3)","decl":{"start":{"line":34,"column":2},"end":{"line":34,"column":3}},"loc":{"start":{"line":34,"column":16},"end":{"line":36,"column":3}},"line":34}},"branchMap":{},"s":{"0":1,"1":1,"2":5,"3":5,"4":5,"5":0,"6":0,"7":0,"8":1},"f":{"0":5,"1":0,"2":0,"3":0},"b":{},"_coverageSchema":"43e27e138ebf9cfc5966b082cf9a028302ed4184","hash":"f97b39bb32225457646632a5568f5138f853f91c","contentHash":"96c9b6cf9b750366ea5bb0378dc1c77a"},"/home/k/Projects/pg/plasma-core/src/services/db/level-provider.js":{"path":"/home/k/Projects/pg/plasma-core/src/services/db/level-provider.js","statementMap":{"0":{"start":{"line":1,"column":16},"end":{"line":1,"column":34}},"1":{"start":{"line":2,"column":18},"end":{"line":2,"column":38}},"2":{"start":{"line":4,"column":23},"end":{"line":4,"column":49}},"3":{"start":{"line":11,"column":4},"end":{"line":11,"column":18}},"4":{"start":{"line":13,"column":4},"end":{"line":13,"column":28}},"5":{"start":{"line":14,"column":4},"end":{"line":14,"column":43}},"6":{"start":{"line":18,"column":4},"end":{"line":18,"column":27}},"7":{"start":{"line":22,"column":4},"end":{"line":22,"column":34}},"8":{"start":{"line":26,"column":4},"end":{"line":26,"column":27}},"9":{"start":{"line":30,"column":4},"end":{"line":39,"column":5}},"10":{"start":{"line":31,"column":6},"end":{"line":31,"column":28}},"11":{"start":{"line":32,"column":6},"end":{"line":32,"column":17}},"12":{"start":{"line":34,"column":6},"end":{"line":38,"column":7}},"13":{"start":{"line":35,"column":8},"end":{"line":35,"column":20}},"14":{"start":{"line":37,"column":8},"end":{"line":37,"column":17}},"15":{"start":{"line":43,"column":0},"end":{"line":43,"column":32}}},"fnMap":{"0":{"name":"(anonymous_0)","decl":{"start":{"line":10,"column":2},"end":{"line":10,"column":3}},"loc":{"start":{"line":10,"column":24},"end":{"line":15,"column":3}},"line":10},"1":{"name":"(anonymous_1)","decl":{"start":{"line":17,"column":2},"end":{"line":17,"column":3}},"loc":{"start":{"line":17,"column":18},"end":{"line":19,"column":3}},"line":17},"2":{"name":"(anonymous_2)","decl":{"start":{"line":21,"column":2},"end":{"line":21,"column":3}},"loc":{"start":{"line":21,"column":25},"end":{"line":23,"column":3}},"line":21},"3":{"name":"(anonymous_3)","decl":{"start":{"line":25,"column":2},"end":{"line":25,"column":3}},"loc":{"start":{"line":25,"column":21},"end":{"line":27,"column":3}},"line":25},"4":{"name":"(anonymous_4)","decl":{"start":{"line":29,"column":2},"end":{"line":29,"column":3}},"loc":{"start":{"line":29,"column":21},"end":{"line":40,"column":3}},"line":29}},"branchMap":{"0":{"loc":{"start":{"line":34,"column":6},"end":{"line":38,"column":7}},"type":"if","locations":[{"start":{"line":34,"column":6},"end":{"line":38,"column":7}},{"start":{"line":34,"column":6},"end":{"line":38,"column":7}}],"line":34}},"s":{"0":1,"1":1,"2":1,"3":0,"4":0,"5":0,"6":0,"7":0,"8":0,"9":0,"10":0,"11":0,"12":0,"13":0,"14":0,"15":1},"f":{"0":0,"1":0,"2":0,"3":0,"4":0},"b":{"0":[0,0]},"_coverageSchema":"43e27e138ebf9cfc5966b082cf9a028302ed4184","hash":"ea7378b5ca95fcab4bf25bd726322eb3084847bf","contentHash":"cfff92b5a2ae923e28572a2cf2006021"},"/home/k/Projects/pg/plasma-core/src/services/chain-service.js":{"path":"/home/k/Projects/pg/plasma-core/src/services/chain-service.js","statementMap":{"0":{"start":{"line":1,"column":20},"end":{"line":1,"column":45}},"1":{"start":{"line":8,"column":4},"end":{"line":8,"column":11}},"2":{"start":{"line":10,"column":4},"end":{"line":10,"column":26}},"3":{"start":{"line":11,"column":4},"end":{"line":11,"column":34}},"4":{"start":{"line":15,"column":4},"end":{"line":15,"column":18}},"5":{"start":{"line":23,"column":4},"end":{"line":23,"column":38}},"6":{"start":{"line":33,"column":19},"end":{"line":33,"column":63}},"7":{"start":{"line":34,"column":4},"end":{"line":34,"column":17}},"8":{"start":{"line":43,"column":19},"end":{"line":43,"column":53}},"9":{"start":{"line":44,"column":19},"end":{"line":44,"column":21}},"10":{"start":{"line":45,"column":4},"end":{"line":50,"column":5}},"11":{"start":{"line":46,"column":6},"end":{"line":48,"column":7}},"12":{"start":{"line":47,"column":8},"end":{"line":47,"column":33}},"13":{"start":{"line":49,"column":6},"end":{"line":49,"column":54}},"14":{"start":{"line":51,"column":4},"end":{"line":51,"column":19}},"15":{"start":{"line":60,"column":4},"end":{"line":60,"column":45}},"16":{"start":{"line":69,"column":4},"end":{"line":69,"column":41}},"17":{"start":{"line":78,"column":4},"end":{"line":78,"column":49}},"18":{"start":{"line":87,"column":4},"end":{"line":87,"column":38}},"19":{"start":{"line":97,"column":4},"end":{"line":97,"column":38}},"20":{"start":{"line":105,"column":4},"end":{"line":107,"column":5}},"21":{"start":{"line":106,"column":6},"end":{"line":106,"column":45}},"22":{"start":{"line":108,"column":4},"end":{"line":108,"column":29}},"23":{"start":{"line":117,"column":4},"end":{"line":117,"column":36}},"24":{"start":{"line":134,"column":13},"end":{"line":134,"column":53}},"25":{"start":{"line":135,"column":4},"end":{"line":135,"column":29}},"26":{"start":{"line":144,"column":17},"end":{"line":144,"column":64}},"27":{"start":{"line":145,"column":4},"end":{"line":145,"column":34}},"28":{"start":{"line":147,"column":4},"end":{"line":147,"column":57}},"29":{"start":{"line":148,"column":4},"end":{"line":148,"column":69}},"30":{"start":{"line":156,"column":17},"end":{"line":156,"column":60}},"31":{"start":{"line":160,"column":26},"end":{"line":160,"column":31}},"32":{"start":{"line":161,"column":4},"end":{"line":167,"column":5}},"33":{"start":{"line":162,"column":6},"end":{"line":166,"column":7}},"34":{"start":{"line":165,"column":8},"end":{"line":165,"column":30}},"35":{"start":{"line":168,"column":4},"end":{"line":170,"column":5}},"36":{"start":{"line":169,"column":6},"end":{"line":169,"column":64}},"37":{"start":{"line":172,"column":20},"end":{"line":172,"column":81}},"38":{"start":{"line":176,"column":4},"end":{"line":178,"column":6}},"39":{"start":{"line":177,"column":6},"end":{"line":177,"column":39}},"40":{"start":{"line":179,"column":4},"end":{"line":179,"column":59}},"41":{"start":{"line":181,"column":4},"end":{"line":181,"column":18}},"42":{"start":{"line":190,"column":4},"end":{"line":190,"column":38}},"43":{"start":{"line":194,"column":0},"end":{"line":194,"column":29}}},"fnMap":{"0":{"name":"(anonymous_0)","decl":{"start":{"line":7,"column":2},"end":{"line":7,"column":3}},"loc":{"start":{"line":7,"column":24},"end":{"line":12,"column":3}},"line":7},"1":{"name":"(anonymous_1)","decl":{"start":{"line":14,"column":2},"end":{"line":14,"column":3}},"loc":{"start":{"line":14,"column":14},"end":{"line":16,"column":3}},"line":14},"2":{"name":"(anonymous_2)","decl":{"start":{"line":22,"column":2},"end":{"line":22,"column":3}},"loc":{"start":{"line":22,"column":15},"end":{"line":24,"column":3}},"line":22},"3":{"name":"(anonymous_3)","decl":{"start":{"line":31,"column":2},"end":{"line":31,"column":3}},"loc":{"start":{"line":31,"column":33},"end":{"line":35,"column":3}},"line":31},"4":{"name":"(anonymous_4)","decl":{"start":{"line":42,"column":2},"end":{"line":42,"column":3}},"loc":{"start":{"line":42,"column":30},"end":{"line":52,"column":3}},"line":42},"5":{"name":"(anonymous_5)","decl":{"start":{"line":59,"column":2},"end":{"line":59,"column":3}},"loc":{"start":{"line":59,"column":30},"end":{"line":61,"column":3}},"line":59},"6":{"name":"(anonymous_6)","decl":{"start":{"line":68,"column":2},"end":{"line":68,"column":3}},"loc":{"start":{"line":68,"column":31},"end":{"line":70,"column":3}},"line":68},"7":{"name":"(anonymous_7)","decl":{"start":{"line":77,"column":2},"end":{"line":77,"column":3}},"loc":{"start":{"line":77,"column":39},"end":{"line":79,"column":3}},"line":77},"8":{"name":"(anonymous_8)","decl":{"start":{"line":86,"column":2},"end":{"line":86,"column":3}},"loc":{"start":{"line":86,"column":36},"end":{"line":88,"column":3}},"line":86},"9":{"name":"(anonymous_9)","decl":{"start":{"line":96,"column":2},"end":{"line":96,"column":3}},"loc":{"start":{"line":96,"column":41},"end":{"line":98,"column":3}},"line":96},"10":{"name":"(anonymous_10)","decl":{"start":{"line":104,"column":2},"end":{"line":104,"column":3}},"loc":{"start":{"line":104,"column":23},"end":{"line":109,"column":3}},"line":104},"11":{"name":"(anonymous_11)","decl":{"start":{"line":115,"column":2},"end":{"line":115,"column":3}},"loc":{"start":{"line":115,"column":40},"end":{"line":126,"column":3}},"line":115},"12":{"name":"(anonymous_12)","decl":{"start":{"line":133,"column":2},"end":{"line":133,"column":3}},"loc":{"start":{"line":133,"column":30},"end":{"line":136,"column":3}},"line":133},"13":{"name":"(anonymous_13)","decl":{"start":{"line":142,"column":2},"end":{"line":142,"column":3}},"loc":{"start":{"line":142,"column":37},"end":{"line":149,"column":3}},"line":142},"14":{"name":"(anonymous_14)","decl":{"start":{"line":155,"column":2},"end":{"line":155,"column":3}},"loc":{"start":{"line":155,"column":38},"end":{"line":182,"column":3}},"line":155},"15":{"name":"(anonymous_15)","decl":{"start":{"line":176,"column":27},"end":{"line":176,"column":28}},"loc":{"start":{"line":176,"column":37},"end":{"line":178,"column":5}},"line":176},"16":{"name":"(anonymous_16)","decl":{"start":{"line":189,"column":2},"end":{"line":189,"column":3}},"loc":{"start":{"line":189,"column":24},"end":{"line":191,"column":3}},"line":189}},"branchMap":{"0":{"loc":{"start":{"line":33,"column":19},"end":{"line":33,"column":63}},"type":"binary-expr","locations":[{"start":{"line":33,"column":19},"end":{"line":33,"column":57}},{"start":{"line":33,"column":61},"end":{"line":33,"column":63}}],"line":33},"1":{"loc":{"start":{"line":46,"column":6},"end":{"line":48,"column":7}},"type":"if","locations":[{"start":{"line":46,"column":6},"end":{"line":48,"column":7}},{"start":{"line":46,"column":6},"end":{"line":48,"column":7}}],"line":46},"2":{"loc":{"start":{"line":105,"column":4},"end":{"line":107,"column":5}},"type":"if","locations":[{"start":{"line":105,"column":4},"end":{"line":107,"column":5}},{"start":{"line":105,"column":4},"end":{"line":107,"column":5}}],"line":105},"3":{"loc":{"start":{"line":144,"column":17},"end":{"line":144,"column":64}},"type":"binary-expr","locations":[{"start":{"line":144,"column":17},"end":{"line":144,"column":58}},{"start":{"line":144,"column":62},"end":{"line":144,"column":64}}],"line":144},"4":{"loc":{"start":{"line":162,"column":6},"end":{"line":166,"column":7}},"type":"if","locations":[{"start":{"line":162,"column":6},"end":{"line":166,"column":7}},{"start":{"line":162,"column":6},"end":{"line":166,"column":7}}],"line":162},"5":{"loc":{"start":{"line":162,"column":10},"end":{"line":164,"column":44}},"type":"binary-expr","locations":[{"start":{"line":162,"column":10},"end":{"line":162,"column":49}},{"start":{"line":163,"column":10},"end":{"line":163,"column":48}},{"start":{"line":164,"column":10},"end":{"line":164,"column":44}}],"line":162},"6":{"loc":{"start":{"line":168,"column":4},"end":{"line":170,"column":5}},"type":"if","locations":[{"start":{"line":168,"column":4},"end":{"line":170,"column":5}},{"start":{"line":168,"column":4},"end":{"line":170,"column":5}}],"line":168}},"s":{"0":1,"1":1,"2":1,"3":1,"4":0,"5":0,"6":1,"7":1,"8":1,"9":1,"10":1,"11":0,"12":0,"13":0,"14":1,"15":0,"16":0,"17":0,"18":0,"19":0,"20":0,"21":0,"22":0,"23":0,"24":0,"25":0,"26":0,"27":0,"28":0,"29":0,"30":0,"31":0,"32":0,"33":0,"34":0,"35":0,"36":0,"37":0,"38":0,"39":0,"40":0,"41":0,"42":0,"43":1},"f":{"0":1,"1":0,"2":0,"3":1,"4":1,"5":0,"6":0,"7":0,"8":0,"9":0,"10":0,"11":0,"12":0,"13":0,"14":0,"15":0,"16":0},"b":{"0":[1,1],"1":[0,0],"2":[0,0],"3":[0,0],"4":[0,0],"5":[0,0,0],"6":[0,0]},"_coverageSchema":"43e27e138ebf9cfc5966b082cf9a028302ed4184","hash":"f5e14bb9861d8a0d73157f7fc9919856c582d84a","contentHash":"ce0f2265eec79d89de98c0672afb9b14"},"/home/k/Projects/pg/plasma-core/src/services/wallet/index.js":{"path":"/home/k/Projects/pg/plasma-core/src/services/wallet/index.js","statementMap":{"0":{"start":{"line":1,"column":27},"end":{"line":1,"column":53}},"1":{"start":{"line":2,"column":31},"end":{"line":2,"column":61}},"2":{"start":{"line":4,"column":0},"end":{"line":8,"column":1}}},"fnMap":{},"branchMap":{},"s":{"0":1,"1":1,"2":1},"f":{},"b":{},"_coverageSchema":"43e27e138ebf9cfc5966b082cf9a028302ed4184","hash":"8b2b3ddb8109d2c8319c3a8738e94d660a076d85","contentHash":"4c9c72d5a7aa054e21b9305fa6264d05"},"/home/k/Projects/pg/plasma-core/src/services/wallet/mock-provider.js":{"path":"/home/k/Projects/pg/plasma-core/src/services/wallet/mock-provider.js","statementMap":{"0":{"start":{"line":1,"column":13},"end":{"line":1,"column":28}},"1":{"start":{"line":2,"column":27},"end":{"line":2,"column":53}},"2":{"start":{"line":9,"column":4},"end":{"line":9,"column":18}},"3":{"start":{"line":11,"column":4},"end":{"line":11,"column":26}},"4":{"start":{"line":12,"column":4},"end":{"line":12,"column":24}},"5":{"start":{"line":16,"column":4},"end":{"line":16,"column":25}},"6":{"start":{"line":20,"column":20},"end":{"line":20,"column":45}},"7":{"start":{"line":21,"column":4},"end":{"line":21,"column":29}},"8":{"start":{"line":30,"column":20},"end":{"line":32,"column":6}},"9":{"start":{"line":31,"column":6},"end":{"line":31,"column":36}},"10":{"start":{"line":34,"column":4},"end":{"line":36,"column":5}},"11":{"start":{"line":35,"column":6},"end":{"line":35,"column":42}},"12":{"start":{"line":37,"column":4},"end":{"line":37,"column":18}},"13":{"start":{"line":41,"column":4},"end":{"line":43,"column":6}},"14":{"start":{"line":42,"column":6},"end":{"line":42,"column":44}},"15":{"start":{"line":44,"column":4},"end":{"line":46,"column":6}},"16":{"start":{"line":45,"column":6},"end":{"line":45,"column":28}},"17":{"start":{"line":48,"column":4},"end":{"line":58,"column":6}},"18":{"start":{"line":49,"column":6},"end":{"line":57,"column":8}},"19":{"start":{"line":62,"column":0},"end":{"line":62,"column":35}}},"fnMap":{"0":{"name":"(anonymous_0)","decl":{"start":{"line":8,"column":2},"end":{"line":8,"column":3}},"loc":{"start":{"line":8,"column":24},"end":{"line":13,"column":3}},"line":8},"1":{"name":"(anonymous_1)","decl":{"start":{"line":15,"column":2},"end":{"line":15,"column":3}},"loc":{"start":{"line":15,"column":23},"end":{"line":17,"column":3}},"line":15},"2":{"name":"(anonymous_2)","decl":{"start":{"line":19,"column":2},"end":{"line":19,"column":3}},"loc":{"start":{"line":19,"column":29},"end":{"line":22,"column":3}},"line":19},"3":{"name":"(anonymous_3)","decl":{"start":{"line":29,"column":2},"end":{"line":29,"column":3}},"loc":{"start":{"line":29,"column":24},"end":{"line":38,"column":3}},"line":29},"4":{"name":"(anonymous_4)","decl":{"start":{"line":30,"column":39},"end":{"line":30,"column":40}},"loc":{"start":{"line":30,"column":48},"end":{"line":32,"column":5}},"line":30},"5":{"name":"(anonymous_5)","decl":{"start":{"line":40,"column":2},"end":{"line":40,"column":3}},"loc":{"start":{"line":40,"column":19},"end":{"line":59,"column":3}},"line":40},"6":{"name":"(anonymous_6)","decl":{"start":{"line":41,"column":47},"end":{"line":41,"column":48}},"loc":{"start":{"line":41,"column":53},"end":{"line":43,"column":5}},"line":41},"7":{"name":"(anonymous_7)","decl":{"start":{"line":44,"column":39},"end":{"line":44,"column":40}},"loc":{"start":{"line":44,"column":52},"end":{"line":46,"column":5}},"line":44},"8":{"name":"(anonymous_8)","decl":{"start":{"line":48,"column":27},"end":{"line":48,"column":28}},"loc":{"start":{"line":48,"column":43},"end":{"line":58,"column":5}},"line":48}},"branchMap":{"0":{"loc":{"start":{"line":34,"column":4},"end":{"line":36,"column":5}},"type":"if","locations":[{"start":{"line":34,"column":4},"end":{"line":36,"column":5}},{"start":{"line":34,"column":4},"end":{"line":36,"column":5}}],"line":34}},"s":{"0":1,"1":1,"2":2,"3":2,"4":2,"5":2,"6":1,"7":1,"8":1,"9":1,"10":1,"11":0,"12":1,"13":2,"14":20,"15":2,"16":20,"17":2,"18":20,"19":1},"f":{"0":2,"1":2,"2":1,"3":1,"4":1,"5":2,"6":20,"7":20,"8":20},"b":{"0":[0,1]},"_coverageSchema":"43e27e138ebf9cfc5966b082cf9a028302ed4184","hash":"1effce550a9ff98246661ef2100689acef070607","contentHash":"a95416aee45c6076c413286b952e9ee6"},"/home/k/Projects/pg/plasma-core/src/services/wallet/base-provider.js":{"path":"/home/k/Projects/pg/plasma-core/src/services/wallet/base-provider.js","statementMap":{"0":{"start":{"line":1,"column":20},"end":{"line":1,"column":46}},"1":{"start":{"line":8,"column":4},"end":{"line":8,"column":11}},"2":{"start":{"line":9,"column":4},"end":{"line":9,"column":26}},"3":{"start":{"line":13,"column":4},"end":{"line":13,"column":19}},"4":{"start":{"line":21,"column":4},"end":{"line":21,"column":88}},"5":{"start":{"line":31,"column":4},"end":{"line":31,"column":88}},"6":{"start":{"line":35,"column":0},"end":{"line":35,"column":35}}},"fnMap":{"0":{"name":"(anonymous_0)","decl":{"start":{"line":7,"column":2},"end":{"line":7,"column":3}},"loc":{"start":{"line":7,"column":24},"end":{"line":10,"column":3}},"line":7},"1":{"name":"(anonymous_1)","decl":{"start":{"line":12,"column":2},"end":{"line":12,"column":3}},"loc":{"start":{"line":12,"column":14},"end":{"line":14,"column":3}},"line":12},"2":{"name":"(anonymous_2)","decl":{"start":{"line":20,"column":2},"end":{"line":20,"column":3}},"loc":{"start":{"line":20,"column":23},"end":{"line":22,"column":3}},"line":20},"3":{"name":"(anonymous_3)","decl":{"start":{"line":30,"column":2},"end":{"line":30,"column":3}},"loc":{"start":{"line":30,"column":29},"end":{"line":32,"column":3}},"line":30}},"branchMap":{},"s":{"0":1,"1":2,"2":2,"3":0,"4":0,"5":0,"6":1},"f":{"0":2,"1":0,"2":0,"3":0},"b":{},"_coverageSchema":"43e27e138ebf9cfc5966b082cf9a028302ed4184","hash":"391252729f01d3aea76f911bda6b9341ba13d30d","contentHash":"9cc050462c36bbee772403483f04f5fa"},"/home/k/Projects/pg/plasma-core/src/services/wallet/metamask-provider.js":{"path":"/home/k/Projects/pg/plasma-core/src/services/wallet/metamask-provider.js","statementMap":{"0":{"start":{"line":1,"column":27},"end":{"line":1,"column":53}},"1":{"start":{"line":9,"column":0},"end":{"line":9,"column":39}}},"fnMap":{},"branchMap":{},"s":{"0":1,"1":1},"f":{},"b":{},"_coverageSchema":"43e27e138ebf9cfc5966b082cf9a028302ed4184","hash":"e71ed55e88e5d5598343b11ae1dac50412266c6e","contentHash":"8e7ae654815255969130a3b2bb66d312"},"/home/k/Projects/pg/plasma-core/src/services/proof-service.js":{"path":"/home/k/Projects/pg/plasma-core/src/services/proof-service.js","statementMap":{"0":{"start":{"line":1,"column":20},"end":{"line":1,"column":45}},"1":{"start":{"line":8,"column":4},"end":{"line":8,"column":19}},"2":{"start":{"line":20,"column":4},"end":{"line":22,"column":5}},"3":{"start":{"line":21,"column":6},"end":{"line":21,"column":38}},"4":{"start":{"line":27,"column":4},"end":{"line":27,"column":57}},"5":{"start":{"line":30,"column":28},"end":{"line":32,"column":6}},"6":{"start":{"line":31,"column":6},"end":{"line":31,"column":50}},"7":{"start":{"line":36,"column":27},"end":{"line":36,"column":60}},"8":{"start":{"line":37,"column":4},"end":{"line":41,"column":5}},"9":{"start":{"line":38,"column":19},"end":{"line":38,"column":29}},"10":{"start":{"line":39,"column":26},"end":{"line":39,"column":65}},"11":{"start":{"line":40,"column":6},"end":{"line":40,"column":56}},"12":{"start":{"line":46,"column":4},"end":{"line":51,"column":5}},"13":{"start":{"line":47,"column":19},"end":{"line":47,"column":33}},"14":{"start":{"line":48,"column":6},"end":{"line":50,"column":7}},"15":{"start":{"line":49,"column":8},"end":{"line":49,"column":43}},"16":{"start":{"line":53,"column":4},"end":{"line":53,"column":15}},"17":{"start":{"line":63,"column":4},"end":{"line":63,"column":38}},"18":{"start":{"line":74,"column":4},"end":{"line":76,"column":6}},"19":{"start":{"line":75,"column":6},"end":{"line":75,"column":67}},"20":{"start":{"line":86,"column":25},"end":{"line":88,"column":6}},"21":{"start":{"line":87,"column":6},"end":{"line":87,"column":36}},"22":{"start":{"line":90,"column":23},"end":{"line":90,"column":38}},"23":{"start":{"line":91,"column":22},"end":{"line":91,"column":59}},"24":{"start":{"line":92,"column":4},"end":{"line":92,"column":118}},"25":{"start":{"line":103,"column":4},"end":{"line":103,"column":15}},"26":{"start":{"line":113,"column":4},"end":{"line":113,"column":19}},"27":{"start":{"line":115,"column":17},"end":{"line":115,"column":19}},"28":{"start":{"line":116,"column":4},"end":{"line":121,"column":5}},"29":{"start":{"line":117,"column":6},"end":{"line":117,"column":25}},"30":{"start":{"line":118,"column":6},"end":{"line":120,"column":7}},"31":{"start":{"line":119,"column":8},"end":{"line":119,"column":20}},"32":{"start":{"line":123,"column":4},"end":{"line":123,"column":22}},"33":{"start":{"line":133,"column":27},"end":{"line":135,"column":6}},"34":{"start":{"line":134,"column":6},"end":{"line":134,"column":30}},"35":{"start":{"line":136,"column":25},"end":{"line":136,"column":42}},"36":{"start":{"line":138,"column":25},"end":{"line":138,"column":27}},"37":{"start":{"line":139,"column":4},"end":{"line":144,"column":5}},"38":{"start":{"line":140,"column":6},"end":{"line":143,"column":7}},"39":{"start":{"line":146,"column":4},"end":{"line":146,"column":25}},"40":{"start":{"line":150,"column":0},"end":{"line":150,"column":29}}},"fnMap":{"0":{"name":"(anonymous_0)","decl":{"start":{"line":7,"column":2},"end":{"line":7,"column":3}},"loc":{"start":{"line":7,"column":14},"end":{"line":9,"column":3}},"line":7},"1":{"name":"(anonymous_1)","decl":{"start":{"line":18,"column":2},"end":{"line":18,"column":3}},"loc":{"start":{"line":18,"column":46},"end":{"line":54,"column":3}},"line":18},"2":{"name":"(anonymous_2)","decl":{"start":{"line":30,"column":44},"end":{"line":30,"column":45}},"loc":{"start":{"line":30,"column":60},"end":{"line":32,"column":5}},"line":30},"3":{"name":"(anonymous_3)","decl":{"start":{"line":62,"column":2},"end":{"line":62,"column":3}},"loc":{"start":{"line":62,"column":40},"end":{"line":64,"column":3}},"line":62},"4":{"name":"(anonymous_4)","decl":{"start":{"line":73,"column":2},"end":{"line":73,"column":3}},"loc":{"start":{"line":73,"column":29},"end":{"line":77,"column":3}},"line":73},"5":{"name":"(anonymous_5)","decl":{"start":{"line":74,"column":24},"end":{"line":74,"column":25}},"loc":{"start":{"line":74,"column":38},"end":{"line":76,"column":5}},"line":74},"6":{"name":"(anonymous_6)","decl":{"start":{"line":85,"column":2},"end":{"line":85,"column":3}},"loc":{"start":{"line":85,"column":41},"end":{"line":93,"column":3}},"line":85},"7":{"name":"(anonymous_7)","decl":{"start":{"line":86,"column":37},"end":{"line":86,"column":38}},"loc":{"start":{"line":86,"column":47},"end":{"line":88,"column":5}},"line":86},"8":{"name":"(anonymous_8)","decl":{"start":{"line":101,"column":2},"end":{"line":101,"column":3}},"loc":{"start":{"line":101,"column":34},"end":{"line":104,"column":3}},"line":101},"9":{"name":"(anonymous_9)","decl":{"start":{"line":112,"column":2},"end":{"line":112,"column":3}},"loc":{"start":{"line":112,"column":27},"end":{"line":124,"column":3}},"line":112},"10":{"name":"(anonymous_10)","decl":{"start":{"line":132,"column":2},"end":{"line":132,"column":3}},"loc":{"start":{"line":132,"column":32},"end":{"line":147,"column":3}},"line":132},"11":{"name":"(anonymous_11)","decl":{"start":{"line":133,"column":41},"end":{"line":133,"column":42}},"loc":{"start":{"line":133,"column":51},"end":{"line":135,"column":5}},"line":133}},"branchMap":{"0":{"loc":{"start":{"line":20,"column":4},"end":{"line":22,"column":5}},"type":"if","locations":[{"start":{"line":20,"column":4},"end":{"line":22,"column":5}},{"start":{"line":20,"column":4},"end":{"line":22,"column":5}}],"line":20},"1":{"loc":{"start":{"line":31,"column":13},"end":{"line":31,"column":50}},"type":"cond-expr","locations":[{"start":{"line":31,"column":39},"end":{"line":31,"column":43}},{"start":{"line":31,"column":46},"end":{"line":31,"column":50}}],"line":31},"2":{"loc":{"start":{"line":75,"column":13},"end":{"line":75,"column":67}},"type":"binary-expr","locations":[{"start":{"line":75,"column":13},"end":{"line":75,"column":20}},{"start":{"line":75,"column":24},"end":{"line":75,"column":67}}],"line":75},"3":{"loc":{"start":{"line":92,"column":11},"end":{"line":92,"column":118}},"type":"binary-expr","locations":[{"start":{"line":92,"column":11},"end":{"line":92,"column":45}},{"start":{"line":92,"column":49},"end":{"line":92,"column":78}},{"start":{"line":92,"column":82},"end":{"line":92,"column":118}}],"line":92},"4":{"loc":{"start":{"line":118,"column":6},"end":{"line":120,"column":7}},"type":"if","locations":[{"start":{"line":118,"column":6},"end":{"line":120,"column":7}},{"start":{"line":118,"column":6},"end":{"line":120,"column":7}}],"line":118},"5":{"loc":{"start":{"line":118,"column":10},"end":{"line":118,"column":34}},"type":"binary-expr","locations":[{"start":{"line":118,"column":10},"end":{"line":118,"column":22}},{"start":{"line":118,"column":26},"end":{"line":118,"column":34}}],"line":118}},"s":{"0":1,"1":0,"2":9,"3":2,"4":7,"5":0,"6":0,"7":0,"8":0,"9":0,"10":0,"11":0,"12":0,"13":0,"14":0,"15":0,"16":0,"17":7,"18":0,"19":0,"20":0,"21":0,"22":0,"23":0,"24":0,"25":0,"26":0,"27":0,"28":0,"29":0,"30":0,"31":0,"32":0,"33":0,"34":0,"35":0,"36":0,"37":0,"38":0,"39":0,"40":1},"f":{"0":0,"1":9,"2":0,"3":7,"4":0,"5":0,"6":0,"7":0,"8":0,"9":0,"10":0,"11":0},"b":{"0":[2,7],"1":[0,0],"2":[0,0],"3":[0,0,0],"4":[0,0],"5":[0,0]},"_coverageSchema":"43e27e138ebf9cfc5966b082cf9a028302ed4184","hash":"a5354d34581897b61ea99bb37ded583d89f371af","contentHash":"c5c12510e980968dac7c450b4db067c5"}}